<?xml version="1.0" encoding="utf-8"?><testsuites name="pytest tests"><testsuite name="pytest" errors="0" failures="0" skipped="0" tests="21" time="6.169" timestamp="2026-02-17T00:16:02.827356+00:00" hostname="agent-env-988eed5e-8ff7-4606-b6d5-56bf9faa88f1"><testcase classname="tests.test_mindspace_api.TestAPIRoot" name="test_api_root" time="0.334" /><testcase classname="tests.test_mindspace_api.TestAuthEndpoints" name="test_signup_success" time="0.418" /><testcase classname="tests.test_mindspace_api.TestAuthEndpoints" name="test_signup_duplicate_email" time="0.365" /><testcase classname="tests.test_mindspace_api.TestAuthEndpoints" name="test_login_success" time="0.378" /><testcase classname="tests.test_mindspace_api.TestAuthEndpoints" name="test_login_invalid_credentials" time="0.158" /><testcase classname="tests.test_mindspace_api.TestAuthEndpoints" name="test_login_wrong_password" time="0.372" /><testcase classname="tests.test_mindspace_api.TestAuthEndpoints" name="test_get_me_authenticated" time="0.219" /><testcase classname="tests.test_mindspace_api.TestAuthEndpoints" name="test_get_me_unauthenticated" time="0.268" /><testcase classname="tests.test_mindspace_api.TestAuthEndpoints" name="test_get_me_invalid_token" time="0.203" /><testcase classname="tests.test_mindspace_api.TestAuthEndpoints" name="test_access_check_authenticated" time="0.147" /><testcase classname="tests.test_mindspace_api.TestAuthEndpoints" name="test_access_check_unauthenticated" time="0.237" /><testcase classname="tests.test_mindspace_api.TestBetaSignupEndpoints" name="test_beta_signup_new_email" time="0.152" /><testcase classname="tests.test_mindspace_api.TestBetaSignupEndpoints" name="test_beta_signup_duplicate_email" time="0.339" /><testcase classname="tests.test_mindspace_api.TestBetaSignupEndpoints" name="test_get_beta_signups" time="0.229" /><testcase classname="tests.test_mindspace_api.TestReflectionsEndpoints" name="test_increment_free_usage_authenticated" time="0.619" /><testcase classname="tests.test_mindspace_api.TestReflectionsEndpoints" name="test_increment_free_usage_unauthenticated" time="0.212" /><testcase classname="tests.test_mindspace_api.TestStatusEndpoints" name="test_post_status" time="0.257" /><testcase classname="tests.test_mindspace_api.TestStatusEndpoints" name="test_get_status" time="0.183" /><testcase classname="tests.test_mindspace_api.TestEdgeCases" name="test_signup_invalid_email" time="0.163" /><testcase classname="tests.test_mindspace_api.TestEdgeCases" name="test_signup_short_password" time="0.390" /><testcase classname="tests.test_mindspace_api.TestEdgeCases" name="test_login_missing_fields" time="0.269" /></testsuite></testsuites>